<?xml version="1.0" encoding="UTF-8"?>
<!-- Generated by org.testng.reporters.JUnitReportReporter -->
<testsuite hostname="nb-sekh" name="com.example.SimpleTest" tests="1" failures="0" timestamp="28 Jan 2015 17:05:48 GMT" time="0.000" errors="0">
  <testcase name="smallTest" time="0.000" classname="com.example.SimpleTest"/>
</testsuite> <!-- com.example.SimpleTest -->
