<?xml version="1.0" encoding="UTF-8"?>
<!-- Generated by org.testng.reporters.JUnitReportReporter -->
<testsuite hostname="ofpc-lin" name="com.example.task1.SimpleTest" tests="1" failures="0" timestamp="27 Jan 2015 19:56:38 GMT" time="0.002" errors="0">
  <testcase name="smallTest" time="0.002" classname="com.example.task1.SimpleTest"/>
</testsuite> <!-- com.example.task1.SimpleTest -->
